c:\users\pickb\documents\darknet-master\darknet.dir\release\crnn_layer.obj
c:\users\pickb\documents\darknet-master\darknet.dir\release\cpu_gemm.obj
c:\users\pickb\documents\darknet-master\darknet.dir\release\cost_layer.obj
c:\users\pickb\documents\darknet-master\darknet.dir\release\convolutional_layer.obj
c:\users\pickb\documents\darknet-master\darknet.dir\release\conv_lstm_layer.obj
c:\users\pickb\documents\darknet-master\darknet.dir\release\connected_layer.obj
c:\users\pickb\documents\darknet-master\darknet.dir\release\compare.obj
c:\users\pickb\documents\darknet-master\darknet.dir\release\col2im.obj
c:\users\pickb\documents\darknet-master\darknet.dir\release\coco.obj
c:\users\pickb\documents\darknet-master\darknet.dir\release\classifier.obj
c:\users\pickb\documents\darknet-master\darknet.dir\release\cifar.obj
c:\users\pickb\documents\darknet-master\darknet.dir\release\captcha.obj
c:\users\pickb\documents\darknet-master\darknet.dir\release\box.obj
c:\users\pickb\documents\darknet-master\darknet.dir\release\blas.obj
c:\users\pickb\documents\darknet-master\darknet.dir\release\batchnorm_layer.obj
c:\users\pickb\documents\darknet-master\darknet.dir\release\avgpool_layer.obj
c:\users\pickb\documents\darknet-master\darknet.dir\release\art.obj
c:\users\pickb\documents\darknet-master\darknet.dir\release\activations.obj
c:\users\pickb\documents\darknet-master\darknet.dir\release\activation_layer.obj
c:\users\pickb\documents\darknet-master\darknet.dir\release\darknet.obj
c:\users\pickb\documents\darknet-master\darknet.dir\release\local_layer.obj
c:\users\pickb\documents\darknet-master\darknet.dir\release\list.obj
c:\users\pickb\documents\darknet-master\darknet.dir\release\layer.obj
c:\users\pickb\documents\darknet-master\darknet.dir\release\image.obj
c:\users\pickb\documents\darknet-master\darknet.dir\release\im2col.obj
c:\users\pickb\documents\darknet-master\darknet.dir\release\gru_layer.obj
c:\users\pickb\documents\darknet-master\darknet.dir\release\go.obj
c:\users\pickb\documents\darknet-master\darknet.dir\release\gettimeofday.obj
c:\users\pickb\documents\darknet-master\darknet.dir\release\getopt.obj
c:\users\pickb\documents\darknet-master\darknet.dir\release\gemm.obj
c:\users\pickb\documents\darknet-master\darknet.dir\release\gaussian_yolo_layer.obj
c:\users\pickb\documents\darknet-master\darknet.dir\release\dropout_layer.obj
c:\users\pickb\documents\darknet-master\darknet.dir\release\dice.obj
c:\users\pickb\documents\darknet-master\darknet.dir\release\detector.obj
c:\users\pickb\documents\darknet-master\darknet.dir\release\detection_layer.obj
c:\users\pickb\documents\darknet-master\darknet.dir\release\demo.obj
c:\users\pickb\documents\darknet-master\darknet.dir\release\deconvolutional_layer.obj
c:\users\pickb\documents\darknet-master\darknet.dir\release\data.obj
c:\users\pickb\documents\darknet-master\darknet.dir\release\dark_cuda.obj
c:\users\pickb\documents\darknet-master\darknet.dir\release\crop_layer.obj
c:\users\pickb\documents\darknet-master\darknet.dir\release\super.obj
c:\users\pickb\documents\darknet-master\darknet.dir\release\softmax_layer.obj
c:\users\pickb\documents\darknet-master\darknet.dir\release\shortcut_layer.obj
c:\users\pickb\documents\darknet-master\darknet.dir\release\scale_channels_layer.obj
c:\users\pickb\documents\darknet-master\darknet.dir\release\sam_layer.obj
c:\users\pickb\documents\darknet-master\darknet.dir\release\route_layer.obj
c:\users\pickb\documents\darknet-master\darknet.dir\release\rnn_vid.obj
c:\users\pickb\documents\darknet-master\darknet.dir\release\rnn_layer.obj
c:\users\pickb\documents\darknet-master\darknet.dir\release\rnn.obj
c:\users\pickb\documents\darknet-master\darknet.dir\release\reorg_old_layer.obj
c:\users\pickb\documents\darknet-master\darknet.dir\release\reorg_layer.obj
c:\users\pickb\documents\darknet-master\darknet.dir\release\region_layer.obj
c:\users\pickb\documents\darknet-master\darknet.dir\release\parser.obj
c:\users\pickb\documents\darknet-master\darknet.dir\release\option_list.obj
c:\users\pickb\documents\darknet-master\darknet.dir\release\normalization_layer.obj
c:\users\pickb\documents\darknet-master\darknet.dir\release\nightmare.obj
c:\users\pickb\documents\darknet-master\darknet.dir\release\network.obj
c:\users\pickb\documents\darknet-master\darknet.dir\release\maxpool_layer.obj
c:\users\pickb\documents\darknet-master\darknet.dir\release\matrix.obj
c:\users\pickb\documents\darknet-master\darknet.dir\release\lstm_layer.obj
c:\users\pickb\documents\darknet-master\darknet.dir\release\yolo_layer.obj
c:\users\pickb\documents\darknet-master\darknet.dir\release\yolo.obj
c:\users\pickb\documents\darknet-master\darknet.dir\release\writing.obj
c:\users\pickb\documents\darknet-master\darknet.dir\release\voxel.obj
c:\users\pickb\documents\darknet-master\darknet.dir\release\utils.obj
c:\users\pickb\documents\darknet-master\darknet.dir\release\upsample_layer.obj
c:\users\pickb\documents\darknet-master\darknet.dir\release\tree.obj
c:\users\pickb\documents\darknet-master\darknet.dir\release\tag.obj
c:\users\pickb\documents\darknet-master\darknet.dir\release\swag.obj
c:\users\pickb\documents\darknet-master\darknet.dir\release\image_opencv.obj
c:\users\pickb\documents\darknet-master\darknet.dir\release\http_stream.obj
c:\users\pickb\documents\darknet-master\cmakefiles\generate.stamp
c:\users\pickb\documents\darknet-master\release\darknet.exe
c:\users\pickb\documents\darknet-master\darknet.dir\release\darknet.tlog\cl.command.1.tlog
c:\users\pickb\documents\darknet-master\darknet.dir\release\darknet.tlog\cl.read.1.tlog
c:\users\pickb\documents\darknet-master\darknet.dir\release\darknet.tlog\cl.write.1.tlog
c:\users\pickb\documents\darknet-master\darknet.dir\release\darknet.tlog\custombuild.command.1.tlog
c:\users\pickb\documents\darknet-master\darknet.dir\release\darknet.tlog\custombuild.read.1.tlog
c:\users\pickb\documents\darknet-master\darknet.dir\release\darknet.tlog\custombuild.write.1.tlog
c:\users\pickb\documents\darknet-master\darknet.dir\release\darknet.tlog\link.command.1.tlog
c:\users\pickb\documents\darknet-master\darknet.dir\release\darknet.tlog\link.read.1.tlog
c:\users\pickb\documents\darknet-master\darknet.dir\release\darknet.tlog\link.write.1.tlog
